1716432214.037113 client started (1014804): version 3.3a, socket /tmp/tmux-1000/default, protocol 8
1716432214.037140 on Linux 6.5.0-28-generic #29~22.04.1-Ubuntu SMP PREEMPT_DYNAMIC Thu Apr  4 14:39:20 UTC 2
1716432214.037147 using libevent 2.1.12-stable (poll); ncurses 6.3
1716432214.037181 flags are 0x10010000
1716432214.037186 socket is /tmp/tmux-1000/default
1716432214.037201 trying connect
1716432214.037657 add peer 0x55ba32f171b0: 6 ((nil))
1716432214.037925 sending message 100 to peer 0x55ba32f171b0 (4 bytes)
1716432214.037934 sending message 111 to peer 0x55ba32f171b0 (8 bytes)
1716432214.037938 sending message 101 to peer 0x55ba32f171b0 (16 bytes)
1716432214.037941 sending message 109 to peer 0x55ba32f171b0 (4 bytes)
1716432214.037945 sending message 102 to peer 0x55ba32f171b0 (11 bytes)
1716432214.037948 sending message 108 to peer 0x55ba32f171b0 (28 bytes)
1716432214.037952 sending message 112 to peer 0x55ba32f171b0 (70 bytes)
1716432214.037956 sending message 112 to peer 0x55ba32f171b0 (5 bytes)
1716432214.037959 sending message 112 to peer 0x55ba32f171b0 (5 bytes)
1716432214.037963 sending message 112 to peer 0x55ba32f171b0 (6 bytes)
1716432214.037966 sending message 112 to peer 0x55ba32f171b0 (6 bytes)
1716432214.037970 sending message 112 to peer 0x55ba32f171b0 (11 bytes)
1716432214.037973 sending message 112 to peer 0x55ba32f171b0 (10 bytes)
1716432214.037977 sending message 112 to peer 0x55ba32f171b0 (13 bytes)
1716432214.037980 sending message 112 to peer 0x55ba32f171b0 (13 bytes)
1716432214.037983 sending message 112 to peer 0x55ba32f171b0 (18 bytes)
1716432214.037987 sending message 112 to peer 0x55ba32f171b0 (11 bytes)
1716432214.037991 sending message 112 to peer 0x55ba32f171b0 (21 bytes)
1716432214.037994 sending message 112 to peer 0x55ba32f171b0 (13 bytes)
1716432214.037998 sending message 112 to peer 0x55ba32f171b0 (7 bytes)
1716432214.038001 sending message 112 to peer 0x55ba32f171b0 (13 bytes)
1716432214.038005 sending message 112 to peer 0x55ba32f171b0 (7 bytes)
1716432214.038008 sending message 112 to peer 0x55ba32f171b0 (13 bytes)
1716432214.038012 sending message 112 to peer 0x55ba32f171b0 (9 bytes)
1716432214.038015 sending message 112 to peer 0x55ba32f171b0 (21 bytes)
1716432214.038019 sending message 112 to peer 0x55ba32f171b0 (13 bytes)
1716432214.038022 sending message 112 to peer 0x55ba32f171b0 (8 bytes)
1716432214.038026 sending message 112 to peer 0x55ba32f171b0 (12 bytes)
1716432214.038029 sending message 112 to peer 0x55ba32f171b0 (13 bytes)
1716432214.038032 sending message 112 to peer 0x55ba32f171b0 (9 bytes)
1716432214.038036 sending message 112 to peer 0x55ba32f171b0 (9 bytes)
1716432214.038039 sending message 112 to peer 0x55ba32f171b0 (12 bytes)
1716432214.038043 sending message 112 to peer 0x55ba32f171b0 (8 bytes)
1716432214.038046 sending message 112 to peer 0x55ba32f171b0 (7 bytes)
1716432214.038050 sending message 112 to peer 0x55ba32f171b0 (7 bytes)
1716432214.038053 sending message 112 to peer 0x55ba32f171b0 (9 bytes)
1716432214.038056 sending message 112 to peer 0x55ba32f171b0 (13 bytes)
1716432214.038060 sending message 112 to peer 0x55ba32f171b0 (9 bytes)
1716432214.038063 sending message 112 to peer 0x55ba32f171b0 (15 bytes)
1716432214.038066 sending message 112 to peer 0x55ba32f171b0 (13 bytes)
1716432214.038070 sending message 112 to peer 0x55ba32f171b0 (12 bytes)
1716432214.038073 sending message 112 to peer 0x55ba32f171b0 (8 bytes)
1716432214.038077 sending message 112 to peer 0x55ba32f171b0 (14 bytes)
1716432214.038080 sending message 112 to peer 0x55ba32f171b0 (9 bytes)
1716432214.038083 sending message 112 to peer 0x55ba32f171b0 (10 bytes)
1716432214.038087 sending message 112 to peer 0x55ba32f171b0 (10 bytes)
1716432214.038090 sending message 112 to peer 0x55ba32f171b0 (10 bytes)
1716432214.038093 sending message 112 to peer 0x55ba32f171b0 (10 bytes)
1716432214.038097 sending message 112 to peer 0x55ba32f171b0 (11 bytes)
1716432214.038103 sending message 112 to peer 0x55ba32f171b0 (10 bytes)
1716432214.038108 sending message 112 to peer 0x55ba32f171b0 (8 bytes)
1716432214.038122 sending message 112 to peer 0x55ba32f171b0 (11 bytes)
1716432214.038127 sending message 112 to peer 0x55ba32f171b0 (11 bytes)
1716432214.038132 sending message 112 to peer 0x55ba32f171b0 (11 bytes)
1716432214.038138 sending message 112 to peer 0x55ba32f171b0 (8 bytes)
1716432214.038143 sending message 112 to peer 0x55ba32f171b0 (8 bytes)
1716432214.038148 sending message 112 to peer 0x55ba32f171b0 (8 bytes)
1716432214.038153 sending message 112 to peer 0x55ba32f171b0 (10 bytes)
1716432214.038158 sending message 112 to peer 0x55ba32f171b0 (10 bytes)
1716432214.038163 sending message 112 to peer 0x55ba32f171b0 (10 bytes)
1716432214.038168 sending message 112 to peer 0x55ba32f171b0 (10 bytes)
1716432214.038174 sending message 112 to peer 0x55ba32f171b0 (10 bytes)
1716432214.038179 sending message 112 to peer 0x55ba32f171b0 (11 bytes)
1716432214.038184 sending message 112 to peer 0x55ba32f171b0 (11 bytes)
1716432214.038190 sending message 112 to peer 0x55ba32f171b0 (10 bytes)
1716432214.038196 sending message 112 to peer 0x55ba32f171b0 (9 bytes)
1716432214.038201 sending message 112 to peer 0x55ba32f171b0 (9 bytes)
1716432214.038208 sending message 112 to peer 0x55ba32f171b0 (12 bytes)
1716432214.038213 sending message 112 to peer 0x55ba32f171b0 (9 bytes)
1716432214.038219 sending message 112 to peer 0x55ba32f171b0 (6 bytes)
1716432214.038224 sending message 112 to peer 0x55ba32f171b0 (13 bytes)
1716432214.038230 sending message 112 to peer 0x55ba32f171b0 (8 bytes)
1716432214.038235 sending message 112 to peer 0x55ba32f171b0 (15 bytes)
1716432214.038241 sending message 112 to peer 0x55ba32f171b0 (13 bytes)
1716432214.038246 sending message 112 to peer 0x55ba32f171b0 (70 bytes)
1716432214.038251 sending message 112 to peer 0x55ba32f171b0 (69 bytes)
1716432214.038255 sending message 112 to peer 0x55ba32f171b0 (10 bytes)
1716432214.038260 sending message 112 to peer 0x55ba32f171b0 (8 bytes)
1716432214.038265 sending message 112 to peer 0x55ba32f171b0 (15 bytes)
1716432214.038271 sending message 112 to peer 0x55ba32f171b0 (13 bytes)
1716432214.038276 sending message 112 to peer 0x55ba32f171b0 (10 bytes)
1716432214.038282 sending message 112 to peer 0x55ba32f171b0 (10 bytes)
1716432214.038288 sending message 112 to peer 0x55ba32f171b0 (5 bytes)
1716432214.038293 sending message 112 to peer 0x55ba32f171b0 (15 bytes)
1716432214.038297 sending message 104 to peer 0x55ba32f171b0 (0 bytes)
1716432214.038301 sending message 110 to peer 0x55ba32f171b0 (0 bytes)
1716432214.038305 sending message 107 to peer 0x55ba32f171b0 (4 bytes)
1716432214.038309 sending message 105 to peer 0x55ba32f171b0 (20 bytes)
1716432214.038312 sending message 105 to peer 0x55ba32f171b0 (54 bytes)
1716432214.038316 sending message 105 to peer 0x55ba32f171b0 (23 bytes)
1716432214.038319 sending message 105 to peer 0x55ba32f171b0 (11 bytes)
1716432214.038323 sending message 105 to peer 0x55ba32f171b0 (27 bytes)
1716432214.038326 sending message 105 to peer 0x55ba32f171b0 (18 bytes)
1716432214.038329 sending message 105 to peer 0x55ba32f171b0 (44 bytes)
1716432214.038333 sending message 105 to peer 0x55ba32f171b0 (23 bytes)
1716432214.038336 sending message 105 to peer 0x55ba32f171b0 (32 bytes)
1716432214.038340 sending message 105 to peer 0x55ba32f171b0 (86 bytes)
1716432214.038343 sending message 105 to peer 0x55ba32f171b0 (30 bytes)
1716432214.038347 sending message 105 to peer 0x55ba32f171b0 (28 bytes)
1716432214.038350 sending message 105 to peer 0x55ba32f171b0 (20 bytes)
1716432214.038354 sending message 105 to peer 0x55ba32f171b0 (17 bytes)
1716432214.038357 sending message 105 to peer 0x55ba32f171b0 (23 bytes)
1716432214.038361 sending message 105 to peer 0x55ba32f171b0 (30 bytes)
1716432214.038364 sending message 105 to peer 0x55ba32f171b0 (27 bytes)
1716432214.038367 sending message 105 to peer 0x55ba32f171b0 (24 bytes)
1716432214.038371 sending message 105 to peer 0x55ba32f171b0 (20 bytes)
1716432214.038374 sending message 105 to peer 0x55ba32f171b0 (23 bytes)
1716432214.038378 sending message 105 to peer 0x55ba32f171b0 (21 bytes)
1716432214.038387 sending message 105 to peer 0x55ba32f171b0 (25 bytes)
1716432214.038390 sending message 105 to peer 0x55ba32f171b0 (20 bytes)
1716432214.038394 sending message 105 to peer 0x55ba32f171b0 (8 bytes)
1716432214.038397 sending message 105 to peer 0x55ba32f171b0 (17 bytes)
1716432214.038400 sending message 105 to peer 0x55ba32f171b0 (32 bytes)
1716432214.038404 sending message 105 to peer 0x55ba32f171b0 (1519 bytes)
1716432214.038423 sending message 105 to peer 0x55ba32f171b0 (22 bytes)
1716432214.038427 sending message 105 to peer 0x55ba32f171b0 (12 bytes)
1716432214.038430 sending message 105 to peer 0x55ba32f171b0 (11 bytes)
1716432214.038434 sending message 105 to peer 0x55ba32f171b0 (17 bytes)
1716432214.038437 sending message 105 to peer 0x55ba32f171b0 (138 bytes)
1716432214.038441 sending message 105 to peer 0x55ba32f171b0 (32 bytes)
1716432214.038444 sending message 105 to peer 0x55ba32f171b0 (19 bytes)
1716432214.038447 sending message 105 to peer 0x55ba32f171b0 (18 bytes)
1716432214.038451 sending message 105 to peer 0x55ba32f171b0 (86 bytes)
1716432214.038454 sending message 105 to peer 0x55ba32f171b0 (15 bytes)
1716432214.038458 sending message 105 to peer 0x55ba32f171b0 (8 bytes)
1716432214.038461 sending message 105 to peer 0x55ba32f171b0 (33 bytes)
1716432214.038465 sending message 105 to peer 0x55ba32f171b0 (41 bytes)
1716432214.038468 sending message 105 to peer 0x55ba32f171b0 (22 bytes)
1716432214.038472 sending message 105 to peer 0x55ba32f171b0 (21 bytes)
1716432214.038475 sending message 105 to peer 0x55ba32f171b0 (18 bytes)
1716432214.038479 sending message 105 to peer 0x55ba32f171b0 (26 bytes)
1716432214.038482 sending message 105 to peer 0x55ba32f171b0 (35 bytes)
1716432214.038486 sending message 105 to peer 0x55ba32f171b0 (14 bytes)
1716432214.038489 sending message 105 to peer 0x55ba32f171b0 (55 bytes)
1716432214.038493 sending message 105 to peer 0x55ba32f171b0 (14 bytes)
1716432214.038496 sending message 105 to peer 0x55ba32f171b0 (18 bytes)
1716432214.038499 sending message 105 to peer 0x55ba32f171b0 (17 bytes)
1716432214.038503 sending message 105 to peer 0x55ba32f171b0 (26 bytes)
1716432214.038506 sending message 105 to peer 0x55ba32f171b0 (54 bytes)
1716432214.038510 sending message 105 to peer 0x55ba32f171b0 (33 bytes)
1716432214.038513 sending message 105 to peer 0x55ba32f171b0 (67 bytes)
1716432214.038516 sending message 105 to peer 0x55ba32f171b0 (23 bytes)
1716432214.038519 sending message 105 to peer 0x55ba32f171b0 (31 bytes)
1716432214.038523 sending message 105 to peer 0x55ba32f171b0 (23 bytes)
1716432214.038526 sending message 105 to peer 0x55ba32f171b0 (27 bytes)
1716432214.038530 sending message 105 to peer 0x55ba32f171b0 (25 bytes)
1716432214.038533 sending message 105 to peer 0x55ba32f171b0 (20 bytes)
1716432214.038537 sending message 105 to peer 0x55ba32f171b0 (30 bytes)
1716432214.038540 sending message 105 to peer 0x55ba32f171b0 (22 bytes)
1716432214.038543 sending message 105 to peer 0x55ba32f171b0 (24 bytes)
1716432214.038547 sending message 105 to peer 0x55ba32f171b0 (20 bytes)
1716432214.038550 sending message 105 to peer 0x55ba32f171b0 (17 bytes)
1716432214.038554 sending message 105 to peer 0x55ba32f171b0 (10 bytes)
1716432214.038557 sending message 106 to peer 0x55ba32f171b0 (0 bytes)
1716432214.038597 sending message 200 to peer 0x55ba32f171b0 (4 bytes)
1716432214.038601 client loop enter
1716432214.039463 peer 0x55ba32f171b0 message 303
1716432214.039468 open write file 2 -
1716432214.039482 sending message 305 to peer 0x55ba32f171b0 (8 bytes)
1716432214.039492 write check file 2
1716432214.039556 peer 0x55ba32f171b0 message 304
1716432214.039560 write 58 to file 2
1716432214.039567 peer 0x55ba32f171b0 message 203
1716432214.039570 file 2 58 bytes left
1716432214.039585 write check file 2
1716432214.039589 client loop exit
