1770722942.124997 client started (284506): version 3.5a, socket /tmp/tmux-1000/default, protocol 8
1770722942.125036 on Linux 6.14.0-63.fc42.x86_64 #1 SMP PREEMPT_DYNAMIC Mon Mar 24 19:53:37 UTC 2025
1770722942.125051 using libevent 2.1.12-stable poll
1770722942.125058 using ncurses 6.5 20250125
1770722942.125083 flags are 0x10010000
1770722942.125101 socket is /tmp/tmux-1000/default
1770722942.125130 trying connect
1770722942.125230 add peer 0x5566a17fe680: 6 ((nil))
1770722942.125853 sending message 111 to peer 0x5566a17fe680 (8 bytes)
1770722942.125873 sending message 111 to peer 0x5566a17fe680 (8 bytes)
1770722942.125881 sending message 101 to peer 0x5566a17fe680 (14 bytes)
1770722942.125888 sending message 109 to peer 0x5566a17fe680 (4 bytes)
1770722942.125895 sending message 102 to peer 0x5566a17fe680 (11 bytes)
1770722942.125903 sending message 108 to peer 0x5566a17fe680 (26 bytes)
1770722942.125910 sending message 112 to peer 0x5566a17fe680 (70 bytes)
1770722942.125918 sending message 112 to peer 0x5566a17fe680 (5 bytes)
1770722942.125925 sending message 112 to peer 0x5566a17fe680 (5 bytes)
1770722942.125932 sending message 112 to peer 0x5566a17fe680 (6 bytes)
1770722942.125939 sending message 112 to peer 0x5566a17fe680 (6 bytes)
1770722942.125946 sending message 112 to peer 0x5566a17fe680 (11 bytes)
1770722942.125953 sending message 112 to peer 0x5566a17fe680 (10 bytes)
1770722942.125960 sending message 112 to peer 0x5566a17fe680 (13 bytes)
1770722942.125966 sending message 112 to peer 0x5566a17fe680 (13 bytes)
1770722942.125973 sending message 112 to peer 0x5566a17fe680 (18 bytes)
1770722942.125979 sending message 112 to peer 0x5566a17fe680 (11 bytes)
1770722942.125986 sending message 112 to peer 0x5566a17fe680 (10 bytes)
1770722942.125993 sending message 112 to peer 0x5566a17fe680 (15 bytes)
1770722942.125999 sending message 112 to peer 0x5566a17fe680 (21 bytes)
1770722942.126006 sending message 112 to peer 0x5566a17fe680 (13 bytes)
1770722942.126012 sending message 112 to peer 0x5566a17fe680 (7 bytes)
1770722942.126019 sending message 112 to peer 0x5566a17fe680 (13 bytes)
1770722942.126025 sending message 112 to peer 0x5566a17fe680 (7 bytes)
1770722942.126032 sending message 112 to peer 0x5566a17fe680 (13 bytes)
1770722942.126038 sending message 112 to peer 0x5566a17fe680 (9 bytes)
1770722942.126045 sending message 112 to peer 0x5566a17fe680 (21 bytes)
1770722942.126051 sending message 112 to peer 0x5566a17fe680 (13 bytes)
1770722942.126057 sending message 112 to peer 0x5566a17fe680 (8 bytes)
1770722942.126064 sending message 112 to peer 0x5566a17fe680 (12 bytes)
1770722942.126070 sending message 112 to peer 0x5566a17fe680 (13 bytes)
1770722942.126076 sending message 112 to peer 0x5566a17fe680 (9 bytes)
1770722942.126083 sending message 112 to peer 0x5566a17fe680 (9 bytes)
1770722942.126090 sending message 112 to peer 0x5566a17fe680 (12 bytes)
1770722942.126096 sending message 112 to peer 0x5566a17fe680 (8 bytes)
1770722942.126102 sending message 112 to peer 0x5566a17fe680 (8 bytes)
1770722942.126109 sending message 112 to peer 0x5566a17fe680 (7 bytes)
1770722942.126115 sending message 112 to peer 0x5566a17fe680 (7 bytes)
1770722942.126122 sending message 112 to peer 0x5566a17fe680 (9 bytes)
1770722942.126129 sending message 112 to peer 0x5566a17fe680 (13 bytes)
1770722942.126135 sending message 112 to peer 0x5566a17fe680 (6 bytes)
1770722942.126142 sending message 112 to peer 0x5566a17fe680 (9 bytes)
1770722942.126148 sending message 112 to peer 0x5566a17fe680 (15 bytes)
1770722942.126155 sending message 112 to peer 0x5566a17fe680 (13 bytes)
1770722942.126162 sending message 112 to peer 0x5566a17fe680 (12 bytes)
1770722942.126168 sending message 112 to peer 0x5566a17fe680 (8 bytes)
1770722942.126175 sending message 112 to peer 0x5566a17fe680 (14 bytes)
1770722942.126182 sending message 112 to peer 0x5566a17fe680 (11 bytes)
1770722942.126188 sending message 112 to peer 0x5566a17fe680 (9 bytes)
1770722942.126195 sending message 112 to peer 0x5566a17fe680 (10 bytes)
1770722942.126202 sending message 112 to peer 0x5566a17fe680 (10 bytes)
1770722942.126227 sending message 112 to peer 0x5566a17fe680 (10 bytes)
1770722942.126242 sending message 112 to peer 0x5566a17fe680 (10 bytes)
1770722942.126249 sending message 112 to peer 0x5566a17fe680 (11 bytes)
1770722942.126255 sending message 112 to peer 0x5566a17fe680 (12 bytes)
1770722942.126262 sending message 112 to peer 0x5566a17fe680 (12 bytes)
1770722942.126268 sending message 112 to peer 0x5566a17fe680 (12 bytes)
1770722942.126275 sending message 112 to peer 0x5566a17fe680 (12 bytes)
1770722942.126282 sending message 112 to peer 0x5566a17fe680 (12 bytes)
1770722942.126288 sending message 112 to peer 0x5566a17fe680 (11 bytes)
1770722942.126294 sending message 112 to peer 0x5566a17fe680 (11 bytes)
1770722942.126301 sending message 112 to peer 0x5566a17fe680 (12 bytes)
1770722942.126307 sending message 112 to peer 0x5566a17fe680 (12 bytes)
1770722942.126313 sending message 112 to peer 0x5566a17fe680 (12 bytes)
1770722942.126320 sending message 112 to peer 0x5566a17fe680 (12 bytes)
1770722942.126326 sending message 112 to peer 0x5566a17fe680 (12 bytes)
1770722942.126332 sending message 112 to peer 0x5566a17fe680 (10 bytes)
1770722942.126339 sending message 112 to peer 0x5566a17fe680 (12 bytes)
1770722942.126345 sending message 112 to peer 0x5566a17fe680 (13 bytes)
1770722942.126351 sending message 112 to peer 0x5566a17fe680 (13 bytes)
1770722942.126358 sending message 112 to peer 0x5566a17fe680 (13 bytes)
1770722942.126364 sending message 112 to peer 0x5566a17fe680 (13 bytes)
1770722942.126370 sending message 112 to peer 0x5566a17fe680 (13 bytes)
1770722942.126377 sending message 112 to peer 0x5566a17fe680 (8 bytes)
1770722942.126383 sending message 112 to peer 0x5566a17fe680 (11 bytes)
1770722942.126389 sending message 112 to peer 0x5566a17fe680 (11 bytes)
1770722942.126396 sending message 112 to peer 0x5566a17fe680 (11 bytes)
1770722942.126402 sending message 112 to peer 0x5566a17fe680 (12 bytes)
1770722942.126408 sending message 112 to peer 0x5566a17fe680 (12 bytes)
1770722942.126415 sending message 112 to peer 0x5566a17fe680 (12 bytes)
1770722942.126421 sending message 112 to peer 0x5566a17fe680 (12 bytes)
1770722942.126427 sending message 112 to peer 0x5566a17fe680 (13 bytes)
1770722942.126433 sending message 112 to peer 0x5566a17fe680 (13 bytes)
1770722942.126440 sending message 112 to peer 0x5566a17fe680 (13 bytes)
1770722942.126446 sending message 112 to peer 0x5566a17fe680 (8 bytes)
1770722942.126452 sending message 112 to peer 0x5566a17fe680 (13 bytes)
1770722942.126459 sending message 112 to peer 0x5566a17fe680 (13 bytes)
1770722942.126465 sending message 112 to peer 0x5566a17fe680 (13 bytes)
1770722942.126471 sending message 112 to peer 0x5566a17fe680 (13 bytes)
1770722942.126478 sending message 112 to peer 0x5566a17fe680 (13 bytes)
1770722942.126484 sending message 112 to peer 0x5566a17fe680 (12 bytes)
1770722942.126490 sending message 112 to peer 0x5566a17fe680 (12 bytes)
1770722942.126496 sending message 112 to peer 0x5566a17fe680 (12 bytes)
1770722942.126503 sending message 112 to peer 0x5566a17fe680 (12 bytes)
1770722942.126509 sending message 112 to peer 0x5566a17fe680 (13 bytes)
1770722942.126515 sending message 112 to peer 0x5566a17fe680 (8 bytes)
1770722942.126522 sending message 112 to peer 0x5566a17fe680 (13 bytes)
1770722942.126528 sending message 112 to peer 0x5566a17fe680 (13 bytes)
1770722942.126534 sending message 112 to peer 0x5566a17fe680 (13 bytes)
1770722942.126541 sending message 112 to peer 0x5566a17fe680 (13 bytes)
1770722942.126547 sending message 112 to peer 0x5566a17fe680 (13 bytes)
1770722942.126553 sending message 112 to peer 0x5566a17fe680 (13 bytes)
1770722942.126559 sending message 112 to peer 0x5566a17fe680 (13 bytes)
1770722942.126578 sending message 112 to peer 0x5566a17fe680 (12 bytes)
1770722942.126588 sending message 112 to peer 0x5566a17fe680 (12 bytes)
1770722942.126594 sending message 112 to peer 0x5566a17fe680 (12 bytes)
1770722942.126600 sending message 112 to peer 0x5566a17fe680 (8 bytes)
1770722942.126607 sending message 112 to peer 0x5566a17fe680 (12 bytes)
1770722942.126618 sending message 112 to peer 0x5566a17fe680 (13 bytes)
1770722942.126627 sending message 112 to peer 0x5566a17fe680 (13 bytes)
1770722942.126634 sending message 112 to peer 0x5566a17fe680 (13 bytes)
1770722942.126640 sending message 112 to peer 0x5566a17fe680 (13 bytes)
1770722942.126647 sending message 112 to peer 0x5566a17fe680 (13 bytes)
1770722942.126653 sending message 112 to peer 0x5566a17fe680 (13 bytes)
1770722942.126659 sending message 112 to peer 0x5566a17fe680 (13 bytes)
1770722942.126666 sending message 112 to peer 0x5566a17fe680 (13 bytes)
1770722942.126672 sending message 112 to peer 0x5566a17fe680 (12 bytes)
1770722942.126678 sending message 112 to peer 0x5566a17fe680 (10 bytes)
1770722942.126685 sending message 112 to peer 0x5566a17fe680 (12 bytes)
1770722942.126691 sending message 112 to peer 0x5566a17fe680 (12 bytes)
1770722942.126697 sending message 112 to peer 0x5566a17fe680 (12 bytes)
1770722942.126703 sending message 112 to peer 0x5566a17fe680 (13 bytes)
1770722942.126710 sending message 112 to peer 0x5566a17fe680 (13 bytes)
1770722942.126716 sending message 112 to peer 0x5566a17fe680 (13 bytes)
1770722942.126723 sending message 112 to peer 0x5566a17fe680 (13 bytes)
1770722942.126729 sending message 112 to peer 0x5566a17fe680 (13 bytes)
1770722942.126735 sending message 112 to peer 0x5566a17fe680 (13 bytes)
1770722942.126742 sending message 112 to peer 0x5566a17fe680 (13 bytes)
1770722942.126748 sending message 112 to peer 0x5566a17fe680 (10 bytes)
1770722942.126755 sending message 112 to peer 0x5566a17fe680 (13 bytes)
1770722942.126762 sending message 112 to peer 0x5566a17fe680 (12 bytes)
1770722942.126768 sending message 112 to peer 0x5566a17fe680 (12 bytes)
1770722942.126774 sending message 112 to peer 0x5566a17fe680 (12 bytes)
1770722942.126781 sending message 112 to peer 0x5566a17fe680 (10 bytes)
1770722942.126787 sending message 112 to peer 0x5566a17fe680 (10 bytes)
1770722942.126793 sending message 112 to peer 0x5566a17fe680 (10 bytes)
1770722942.126799 sending message 112 to peer 0x5566a17fe680 (12 bytes)
1770722942.126806 sending message 112 to peer 0x5566a17fe680 (13 bytes)
1770722942.126812 sending message 112 to peer 0x5566a17fe680 (13 bytes)
1770722942.126818 sending message 112 to peer 0x5566a17fe680 (13 bytes)
1770722942.126825 sending message 112 to peer 0x5566a17fe680 (13 bytes)
1770722942.126831 sending message 112 to peer 0x5566a17fe680 (13 bytes)
1770722942.126837 sending message 112 to peer 0x5566a17fe680 (11 bytes)
1770722942.126843 sending message 112 to peer 0x5566a17fe680 (11 bytes)
1770722942.126850 sending message 112 to peer 0x5566a17fe680 (12 bytes)
1770722942.126856 sending message 112 to peer 0x5566a17fe680 (12 bytes)
1770722942.126862 sending message 112 to peer 0x5566a17fe680 (12 bytes)
1770722942.126868 sending message 112 to peer 0x5566a17fe680 (12 bytes)
1770722942.126875 sending message 112 to peer 0x5566a17fe680 (12 bytes)
1770722942.126881 sending message 112 to peer 0x5566a17fe680 (11 bytes)
1770722942.126887 sending message 112 to peer 0x5566a17fe680 (12 bytes)
1770722942.126894 sending message 112 to peer 0x5566a17fe680 (12 bytes)
1770722942.126900 sending message 112 to peer 0x5566a17fe680 (13 bytes)
1770722942.126906 sending message 112 to peer 0x5566a17fe680 (13 bytes)
1770722942.126913 sending message 112 to peer 0x5566a17fe680 (13 bytes)
1770722942.126919 sending message 112 to peer 0x5566a17fe680 (13 bytes)
1770722942.126925 sending message 112 to peer 0x5566a17fe680 (13 bytes)
1770722942.126931 sending message 112 to peer 0x5566a17fe680 (10 bytes)
1770722942.126938 sending message 112 to peer 0x5566a17fe680 (9 bytes)
1770722942.126944 sending message 112 to peer 0x5566a17fe680 (12 bytes)
1770722942.126951 sending message 112 to peer 0x5566a17fe680 (13 bytes)
1770722942.126957 sending message 112 to peer 0x5566a17fe680 (13 bytes)
1770722942.126963 sending message 112 to peer 0x5566a17fe680 (13 bytes)
1770722942.126970 sending message 112 to peer 0x5566a17fe680 (13 bytes)
1770722942.126976 sending message 112 to peer 0x5566a17fe680 (13 bytes)
1770722942.126986 sending message 112 to peer 0x5566a17fe680 (9 bytes)
1770722942.126994 sending message 112 to peer 0x5566a17fe680 (12 bytes)
1770722942.127001 sending message 112 to peer 0x5566a17fe680 (13 bytes)
1770722942.127007 sending message 112 to peer 0x5566a17fe680 (13 bytes)
1770722942.127013 sending message 112 to peer 0x5566a17fe680 (13 bytes)
1770722942.127020 sending message 112 to peer 0x5566a17fe680 (13 bytes)
1770722942.127026 sending message 112 to peer 0x5566a17fe680 (13 bytes)
1770722942.127032 sending message 112 to peer 0x5566a17fe680 (11 bytes)
1770722942.127039 sending message 112 to peer 0x5566a17fe680 (12 bytes)
1770722942.127045 sending message 112 to peer 0x5566a17fe680 (13 bytes)
1770722942.127051 sending message 112 to peer 0x5566a17fe680 (13 bytes)
1770722942.127058 sending message 112 to peer 0x5566a17fe680 (13 bytes)
1770722942.127064 sending message 112 to peer 0x5566a17fe680 (13 bytes)
1770722942.127070 sending message 112 to peer 0x5566a17fe680 (13 bytes)
1770722942.127076 sending message 112 to peer 0x5566a17fe680 (11 bytes)
1770722942.127083 sending message 112 to peer 0x5566a17fe680 (12 bytes)
1770722942.127089 sending message 112 to peer 0x5566a17fe680 (12 bytes)
1770722942.127096 sending message 112 to peer 0x5566a17fe680 (12 bytes)
1770722942.127102 sending message 112 to peer 0x5566a17fe680 (12 bytes)
1770722942.127108 sending message 112 to peer 0x5566a17fe680 (12 bytes)
1770722942.127115 sending message 112 to peer 0x5566a17fe680 (21 bytes)
1770722942.127121 sending message 112 to peer 0x5566a17fe680 (12 bytes)
1770722942.127128 sending message 112 to peer 0x5566a17fe680 (9 bytes)
1770722942.127135 sending message 112 to peer 0x5566a17fe680 (6 bytes)
1770722942.127141 sending message 112 to peer 0x5566a17fe680 (13 bytes)
1770722942.127147 sending message 112 to peer 0x5566a17fe680 (8 bytes)
1770722942.127154 sending message 112 to peer 0x5566a17fe680 (15 bytes)
1770722942.127161 sending message 112 to peer 0x5566a17fe680 (13 bytes)
1770722942.127168 sending message 112 to peer 0x5566a17fe680 (9 bytes)
1770722942.127174 sending message 112 to peer 0x5566a17fe680 (70 bytes)
1770722942.127181 sending message 112 to peer 0x5566a17fe680 (69 bytes)
1770722942.127187 sending message 112 to peer 0x5566a17fe680 (10 bytes)
1770722942.127194 sending message 112 to peer 0x5566a17fe680 (10 bytes)
1770722942.127200 sending message 112 to peer 0x5566a17fe680 (8 bytes)
1770722942.127207 sending message 112 to peer 0x5566a17fe680 (15 bytes)
1770722942.127213 sending message 112 to peer 0x5566a17fe680 (13 bytes)
1770722942.127220 sending message 112 to peer 0x5566a17fe680 (10 bytes)
1770722942.127226 sending message 112 to peer 0x5566a17fe680 (10 bytes)
1770722942.127232 sending message 112 to peer 0x5566a17fe680 (17 bytes)
1770722942.127239 sending message 112 to peer 0x5566a17fe680 (10 bytes)
1770722942.127246 sending message 112 to peer 0x5566a17fe680 (13 bytes)
1770722942.127252 sending message 112 to peer 0x5566a17fe680 (9 bytes)
1770722942.127258 sending message 112 to peer 0x5566a17fe680 (5 bytes)
1770722942.127265 sending message 112 to peer 0x5566a17fe680 (15 bytes)
1770722942.127273 sending message 104 to peer 0x5566a17fe680 (0 bytes)
1770722942.127281 sending message 110 to peer 0x5566a17fe680 (0 bytes)
1770722942.127288 sending message 107 to peer 0x5566a17fe680 (4 bytes)
1770722942.127295 sending message 105 to peer 0x5566a17fe680 (20 bytes)
1770722942.127301 sending message 105 to peer 0x5566a17fe680 (54 bytes)
1770722942.127308 sending message 105 to peer 0x5566a17fe680 (40 bytes)
1770722942.127315 sending message 105 to peer 0x5566a17fe680 (55 bytes)
1770722942.127321 sending message 105 to peer 0x5566a17fe680 (19 bytes)
1770722942.127328 sending message 105 to peer 0x5566a17fe680 (51 bytes)
1770722942.127334 sending message 105 to peer 0x5566a17fe680 (11 bytes)
1770722942.127341 sending message 105 to peer 0x5566a17fe680 (21 bytes)
1770722942.127347 sending message 105 to peer 0x5566a17fe680 (19 bytes)
1770722942.127354 sending message 105 to peer 0x5566a17fe680 (24 bytes)
1770722942.127364 sending message 105 to peer 0x5566a17fe680 (23 bytes)
1770722942.127373 sending message 105 to peer 0x5566a17fe680 (45 bytes)
1770722942.127379 sending message 105 to peer 0x5566a17fe680 (24 bytes)
1770722942.127386 sending message 105 to peer 0x5566a17fe680 (23 bytes)
1770722942.127393 sending message 105 to peer 0x5566a17fe680 (15 bytes)
1770722942.127399 sending message 105 to peer 0x5566a17fe680 (18 bytes)
1770722942.127406 sending message 105 to peer 0x5566a17fe680 (14 bytes)
1770722942.127412 sending message 105 to peer 0x5566a17fe680 (41 bytes)
1770722942.127419 sending message 105 to peer 0x5566a17fe680 (40 bytes)
1770722942.127425 sending message 105 to peer 0x5566a17fe680 (15 bytes)
1770722942.127432 sending message 105 to peer 0x5566a17fe680 (60 bytes)
1770722942.127439 sending message 105 to peer 0x5566a17fe680 (18 bytes)
1770722942.127446 sending message 105 to peer 0x5566a17fe680 (17 bytes)
1770722942.127452 sending message 105 to peer 0x5566a17fe680 (89 bytes)
1770722942.127459 sending message 105 to peer 0x5566a17fe680 (8 bytes)
1770722942.127466 sending message 105 to peer 0x5566a17fe680 (35 bytes)
1770722942.127473 sending message 105 to peer 0x5566a17fe680 (15 bytes)
1770722942.127479 sending message 105 to peer 0x5566a17fe680 (32 bytes)
1770722942.127487 sending message 105 to peer 0x5566a17fe680 (1911 bytes)
1770722942.127514 sending message 105 to peer 0x5566a17fe680 (28 bytes)
1770722942.127521 sending message 105 to peer 0x5566a17fe680 (73 bytes)
1770722942.127527 sending message 105 to peer 0x5566a17fe680 (52 bytes)
1770722942.127534 sending message 105 to peer 0x5566a17fe680 (16 bytes)
1770722942.127540 sending message 105 to peer 0x5566a17fe680 (26 bytes)
1770722942.127547 sending message 105 to peer 0x5566a17fe680 (61 bytes)
1770722942.127554 sending message 105 to peer 0x5566a17fe680 (33 bytes)
1770722942.127561 sending message 105 to peer 0x5566a17fe680 (11 bytes)
1770722942.127579 sending message 105 to peer 0x5566a17fe680 (377 bytes)
1770722942.127586 sending message 105 to peer 0x5566a17fe680 (30 bytes)
1770722942.127593 sending message 105 to peer 0x5566a17fe680 (20 bytes)
1770722942.127600 sending message 105 to peer 0x5566a17fe680 (19 bytes)
1770722942.127606 sending message 105 to peer 0x5566a17fe680 (8 bytes)
1770722942.127613 sending message 105 to peer 0x5566a17fe680 (19 bytes)
1770722942.127619 sending message 105 to peer 0x5566a17fe680 (47 bytes)
1770722942.127625 sending message 105 to peer 0x5566a17fe680 (17 bytes)
1770722942.127632 sending message 105 to peer 0x5566a17fe680 (19 bytes)
1770722942.127639 sending message 105 to peer 0x5566a17fe680 (35 bytes)
1770722942.127646 sending message 105 to peer 0x5566a17fe680 (18 bytes)
1770722942.127652 sending message 105 to peer 0x5566a17fe680 (26 bytes)
1770722942.127658 sending message 105 to peer 0x5566a17fe680 (35 bytes)
1770722942.127665 sending message 105 to peer 0x5566a17fe680 (13 bytes)
1770722942.127672 sending message 105 to peer 0x5566a17fe680 (53 bytes)
1770722942.127678 sending message 105 to peer 0x5566a17fe680 (12 bytes)
1770722942.127685 sending message 105 to peer 0x5566a17fe680 (18 bytes)
1770722942.127691 sending message 105 to peer 0x5566a17fe680 (39 bytes)
1770722942.127698 sending message 105 to peer 0x5566a17fe680 (23 bytes)
1770722942.127705 sending message 105 to peer 0x5566a17fe680 (144 bytes)
1770722942.127711 sending message 105 to peer 0x5566a17fe680 (31 bytes)
1770722942.127718 sending message 105 to peer 0x5566a17fe680 (15 bytes)
1770722942.127724 sending message 105 to peer 0x5566a17fe680 (52 bytes)
1770722942.127730 sending message 105 to peer 0x5566a17fe680 (23 bytes)
1770722942.127737 sending message 105 to peer 0x5566a17fe680 (23 bytes)
1770722942.127743 sending message 105 to peer 0x5566a17fe680 (17 bytes)
1770722942.127750 sending message 105 to peer 0x5566a17fe680 (58 bytes)
1770722942.127756 sending message 105 to peer 0x5566a17fe680 (21 bytes)
1770722942.127762 sending message 105 to peer 0x5566a17fe680 (11 bytes)
1770722942.127769 sending message 105 to peer 0x5566a17fe680 (28 bytes)
1770722942.127779 sending message 105 to peer 0x5566a17fe680 (16 bytes)
1770722942.127788 sending message 105 to peer 0x5566a17fe680 (17 bytes)
1770722942.127794 sending message 106 to peer 0x5566a17fe680 (0 bytes)
1770722942.127871 sending message 200 to peer 0x5566a17fe680 (4 bytes)
1770722942.127880 client loop enter
1770722942.128504 peer 0x5566a17fe680 message 303
1770722942.128518 open write file 2 -
1770722942.128531 sending message 305 to peer 0x5566a17fe680 (8 bytes)
1770722942.128546 write check file 2
1770722942.128697 peer 0x5566a17fe680 message 304
1770722942.128709 write 58 to file 2
1770722942.128718 peer 0x5566a17fe680 message 203
1770722942.128725 file 2 58 bytes left
1770722942.128747 write check file 2
1770722942.128753 client loop exit
